2023-11-21 22:48:48,698 DEBUG Программа запущена
2023-11-21 22:48:52,661 ERROR Введите целое натурально число
2023-11-21 22:48:55,429 INFO Введено число -48967
2023-11-21 22:48:55,430 ERROR Недопустимый диапазон
2023-11-21 22:48:57,258 INFO Введено число 7
2023-11-21 22:48:59,417 ERROR Введите целое натуральное число
2023-11-21 22:49:00,378 INFO Введено число 0
2023-11-21 22:49:00,379 ERROR Недопустимое число
2023-11-21 22:49:02,396 INFO Введено число 3
2023-11-21 22:49:02,396 INFO Загаданное компьютером число - 1
2023-11-21 22:49:04,495 INFO Вы ввели число 3
2023-11-21 22:49:04,495 INFO Загаданное число меньше вашего
2023-11-21 22:49:07,536 INFO Вы ввели число 2
2023-11-21 22:49:07,536 INFO Загаданное число меньше вашего
2023-11-21 22:49:09,374 INFO Вы ввели число 1
2023-11-21 22:49:09,375 INFO Вы угадали, компьютер загадал число 1
2023-11-21 22:49:09,375 DEBUG Программа завершена

2023-11-21 22:49:24,540 DEBUG Программа запущена
2023-11-21 22:49:27,710 INFO Введено число 10
2023-11-21 22:49:28,429 INFO Введено число 5
2023-11-21 22:49:28,429 INFO Загаданное компьютером число - 6
2023-11-21 22:49:30,458 INFO Вы ввели число 5
2023-11-21 22:49:30,458 INFO Загаданное число больше вашего
2023-11-21 22:49:33,168 INFO Вы ввели число 4
2023-11-21 22:49:33,168 INFO Загаданное число больше вашего
2023-11-21 22:49:34,124 INFO Вы ввели число 3
2023-11-21 22:49:34,124 INFO Загаданное число больше вашего
2023-11-21 22:49:34,903 INFO Вы ввели число 2
2023-11-21 22:49:34,903 INFO Загаданное число больше вашего
2023-11-21 22:49:36,031 INFO Вы ввели число 1
2023-11-21 22:49:36,031 INFO Загаданное число больше вашего
2023-11-21 22:49:36,031 INFO Попытки закончились. Число, которое загадал компьютер - 6
2023-11-21 22:49:36,031 DEBUG Программа завершена
